<?xml version="1.0" encoding="UTF-8"?>
<testng-results ignored="0" total="1" passed="1" failed="0" skipped="0">
  <reporter-output>
  </reporter-output>
  <suite started-at="2021-11-26T09:20:47 IST" name="Default suite" finished-at="2021-11-26T09:21:21 IST" duration-ms="34375">
    <groups>
    </groups>
    <test started-at="2021-11-26T09:20:47 IST" name="Default test" finished-at="2021-11-26T09:21:21 IST" duration-ms="34375">
      <class name="uistore.ReadMore">
        <test-method is-config="true" signature="initialise()[pri:0, instance:uistore.ReadMore@1807e3f6]" started-at="2021-11-26T09:20:47 IST" name="initialise" finished-at="2021-11-26T09:20:55 IST" duration-ms="7657" status="PASS">
          <reporter-output>
          </reporter-output>
        </test-method> <!-- initialise -->
        <test-method signature="Scrolling()[pri:0, instance:uistore.ReadMore@1807e3f6]" started-at="2021-11-26T09:20:55 IST" name="Scrolling" finished-at="2021-11-26T09:21:20 IST" duration-ms="25485" status="PASS">
          <reporter-output>
          </reporter-output>
        </test-method> <!-- Scrolling -->
        <test-method is-config="true" signature="close()[pri:0, instance:uistore.ReadMore@1807e3f6]" started-at="2021-11-26T09:21:20 IST" name="close" finished-at="2021-11-26T09:21:21 IST" duration-ms="1127" status="PASS">
          <reporter-output>
          </reporter-output>
        </test-method> <!-- close -->
      </class> <!-- uistore.ReadMore -->
    </test> <!-- Default test -->
  </suite> <!-- Default suite -->
</testng-results>
