<?xml version="1.0" encoding="UTF-8"?>
<!-- Generated by org.testng.reporters.JUnitXMLReporter -->
<testsuite ignored="0" hostname="Gopimanisri" failures="1" tests="1" name="MouseActions" time="0.401" errors="0" timestamp="2021-11-21T22:16:24 IST">
  <testcase classname="uistore.MouseActions" name="mouseAction" time="0.341">
    <failure type="java.lang.NullPointerException" message="Cannot invoke &amp;quot;org.openqa.selenium.WebDriver.get(String)&amp;quot; because &amp;quot;uistore.MouseActions.driver&amp;quot; is null">
      <![CDATA[java.lang.NullPointerException: Cannot invoke "org.openqa.selenium.WebDriver.get(String)" because "uistore.MouseActions.driver" is null
at uistore.MouseActions.mouseAction(MouseActions.java:29)
at java.base/java.util.ArrayList.forEach(ArrayList.java:1511)
... Removed 27 stack frames]]>
    </failure>
  </testcase> <!-- mouseAction -->
</testsuite> <!-- MouseActions -->
