<?xml version="1.0" encoding="UTF-8"?>
<!-- Generated by org.testng.reporters.JUnitXMLReporter -->
<testsuite ignored="0" hostname="Gopimanisri" failures="1" tests="1" name="TrackOrder" time="0.005" errors="0" timestamp="2021-11-21T22:18:11 IST">
  <testcase classname="uistore.TrackOrderPage" name="Trackorder" time="0.001">
    <failure type="java.lang.NullPointerException" message="Cannot invoke &amp;quot;org.openqa.selenium.WebDriver.get(String)&amp;quot; because &amp;quot;uistore.TrackOrderPage.driver&amp;quot; is null">
      <![CDATA[java.lang.NullPointerException: Cannot invoke "org.openqa.selenium.WebDriver.get(String)" because "uistore.TrackOrderPage.driver" is null
at uistore.TrackOrderPage.Trackorder(TrackOrderPage.java:31)
at java.base/java.util.ArrayList.forEach(ArrayList.java:1511)
... Removed 27 stack frames]]>
    </failure>
  </testcase> <!-- Trackorder -->
</testsuite> <!-- TrackOrder -->
