<?xml version="1.0" encoding="UTF-8"?>
<!-- Generated by org.testng.reporters.JUnitXMLReporter -->
<testsuite ignored="0" hostname="Gopimanisri" failures="1" tests="1" name="WishList" time="0.333" errors="0" timestamp="2021-11-21T22:19:27 IST">
  <testcase classname="uistore.WishList" name="giftCard" time="0.321">
    <failure type="java.lang.NullPointerException" message="Cannot invoke &amp;quot;org.openqa.selenium.WebDriver.get(String)&amp;quot; because &amp;quot;uistore.WishList.driver&amp;quot; is null">
      <![CDATA[java.lang.NullPointerException: Cannot invoke "org.openqa.selenium.WebDriver.get(String)" because "uistore.WishList.driver" is null
at uistore.WishList.giftCard(WishList.java:30)
at java.base/java.util.ArrayList.forEach(ArrayList.java:1511)
... Removed 27 stack frames]]>
    </failure>
  </testcase> <!-- giftCard -->
</testsuite> <!-- WishList -->
